Fri 23 Sep 2022 03:34:40 PM UTC: 
 tests:  1|8
total_score: 0/70
55f5b92
Fri 23 Sep 2022 03:57:13 PM UTC: 
 treemap.c | 35 ++++++++++++++++++++++++++++++++---
 1 file changed, 32 insertions(+), 3 deletions(-)
In file included from test.c:4:
treemap.c: In function ‘insertTreeMap’:
treemap.c:51:9: error: ‘true’ undeclared (first use in this function); did you mean ‘tree’?
   51 |   while(true){
      |         ^~~~
      |         tree
treemap.c:51:9: note: each undeclared identifier is reported only once for each function it appears in
treemap.c:53:20: error: expected expression before ‘,’ token
   53 |       if (is_equal(,tree,tree->current->pair->key,key)) break;
      |                    ^
treemap.c:53:11: error: too many arguments to function ‘is_equal’
   53 |       if (is_equal(,tree,tree->current->pair->key,key)) break;
      |           ^~~~~~~~
treemap.c:22:5: note: declared here
   22 | int is_equal(TreeMap* tree, void* key1, void* key2){
      |     ^~~~~~~~
Compilation failed
9524f0d
Fri 23 Sep 2022 03:57:28 PM UTC: 
 treemap.c | 2 +-
 1 file changed, 1 insertion(+), 1 deletion(-)
In file included from test.c:4:
treemap.c: In function ‘insertTreeMap’:
treemap.c:54:20: error: expected expression before ‘,’ token
   54 |       if (is_equal(,tree,tree->current->pair->key,key)) break;
      |                    ^
treemap.c:54:11: error: too many arguments to function ‘is_equal’
   54 |       if (is_equal(,tree,tree->current->pair->key,key)) break;
      |           ^~~~~~~~
treemap.c:23:5: note: declared here
   23 | int is_equal(TreeMap* tree, void* key1, void* key2){
      |     ^~~~~~~~
Compilation failed
d4046d3
Fri 23 Sep 2022 03:57:38 PM UTC: 
 treemap.c | 2 +-
 1 file changed, 1 insertion(+), 1 deletion(-)
 tests:  6|6
total_score: 15/70
e6844ce
Fri 23 Sep 2022 04:04:35 PM UTC: 
 treemap.c | 11 ++++++++++-
 1 file changed, 10 insertions(+), 1 deletion(-)
 tests:  8|6
total_score: 15/70
6c4cd0e
Fri 23 Sep 2022 04:07:46 PM UTC: 
 treemap.c | 5 ++---
 1 file changed, 2 insertions(+), 3 deletions(-)
 tests:  13|5
total_score: 25/70
42020eb
Fri 23 Sep 2022 04:19:07 PM UTC: 
 treemap.c | 8 +++++++-
 1 file changed, 7 insertions(+), 1 deletion(-)
In file included from test.c:4:
treemap.c: In function ‘minimum’:
treemap.c:83:5: error: ‘tree’ undeclared (first use in this function); did you mean ‘free’?
   83 |     tree->current = tree->root;
      |     ^~~~
      |     free
treemap.c:83:5: note: each undeclared identifier is reported only once for each function it appears in
Compilation failed
0ed2d9c
Fri 23 Sep 2022 04:20:24 PM UTC: 
 treemap.c | 7 +++----
 1 file changed, 3 insertions(+), 4 deletions(-)
 tests:  14|5
total_score: 15/70
d801bcd
Fri 23 Sep 2022 04:21:11 PM UTC: 
 treemap.c | 2 --
 1 file changed, 2 deletions(-)
 tests:  15|4
total_score: 25/70
dacb903
Fri 23 Sep 2022 04:43:08 PM UTC: 
 treemap.c | 12 ++++++++++++
 1 file changed, 12 insertions(+)
 tests:  16|4
total_score: 30/70
4333a97
Fri 23 Sep 2022 04:50:58 PM UTC: 
 treemap.c | 27 +++++++++++++++++++++++++++
 1 file changed, 27 insertions(+)
In file included from test.c:4:
treemap.c: In function ‘removeNode’:
treemap.c:108:3: error: expected ‘}’ before ‘else’
  108 |   else{
      |   ^~~~
treemap.c: At top level:
treemap.c:123:3: error: expected identifier or ‘(’ before ‘else’
  123 |   else{
      |   ^~~~
treemap.c:130:1: error: expected identifier or ‘(’ before ‘}’ token
  130 | }
      | ^
Compilation failed
adcaea3
Fri 23 Sep 2022 04:53:24 PM UTC: 
 treemap.c | 7 ++++---
 1 file changed, 4 insertions(+), 3 deletions(-)
test.c: In function ‘removeNode’:
test.c:503:5: error: ‘main’ is normally a non-static function [-Werror=main]
  503 | int main( int argc, char *argv[] ) {
      |     ^~~~
test.c:606:1: error: expected declaration or statement at end of input
  606 | }
      | ^
At top level:
test.c:503:5: error: ‘main’ defined but not used [-Werror=unused-function]
  503 | int main( int argc, char *argv[] ) {
      |     ^~~~
cc1: all warnings being treated as errors
Compilation failed
aaa90e5
Fri 23 Sep 2022 04:53:48 PM UTC: 
 treemap.c | 2 +-
 1 file changed, 1 insertion(+), 1 deletion(-)
 tests:  17|4
total_score: 35/70
e3a7ad6
Fri 23 Sep 2022 09:28:35 PM UTC: 
 treemap.c | 4 +++-
 1 file changed, 3 insertions(+), 1 deletion(-)
In file included from test.c:4:
treemap.c: In function ‘removeNode’:
treemap.c:91:5: error: unknown type name ‘TreenNode’; did you mean ‘TreeNode’?
   91 |     TreenNode* replacement = minimum(node->right);
      |     ^~~~~~~~~
      |     TreeNode
treemap.c:91:30: error: initialization of ‘int *’ from incompatible pointer type ‘TreeNode *’ [-Werror=incompatible-pointer-types]
   91 |     TreenNode* replacement = minimum(node->right);
      |                              ^~~~~~~
treemap.c:92:29: error: request for member ‘pair’ in something not a structure or union
   92 |     node->pair = replacement->pair;
      |                             ^~
treemap.c:93:21: error: passing argument 2 of ‘removeNode’ from incompatible pointer type [-Werror=incompatible-pointer-types]
   93 |     removeNode(tree,replacement);
      |                     ^~~~~~~~~~~
      |                     |
      |                     int *
treemap.c:89:43: note: expected ‘TreeNode *’ but argument is of type ‘int *’
   89 | void removeNode(TreeMap * tree, TreeNode* node) {
      |                                 ~~~~~~~~~~^~~~
cc1: all warnings being treated as errors
Compilation failed
f018549
Fri 23 Sep 2022 09:29:06 PM UTC: 
 treemap.c | 2 +-
 1 file changed, 1 insertion(+), 1 deletion(-)
 tests:  18|3
total_score: 40/70
8faf6d6
Fri 23 Sep 2022 10:10:32 PM UTC: 
 treemap.c | 4 +++-
 1 file changed, 3 insertions(+), 1 deletion(-)
 tests:  20|2
total_score: 45/70
aa299bc
Fri 23 Sep 2022 10:27:51 PM UTC: 
 treemap.c | 19 ++++++++++++++++---
 1 file changed, 16 insertions(+), 3 deletions(-)
In file included from test.c:4:
treemap.c: In function ‘nextTreeMap’:
treemap.c:171:15: error: initialization of ‘int’ from ‘void *’ makes integer from pointer without a cast [-Werror=int-conversion]
  171 |     int key = tree->current->pair->key;
      |               ^~~~
treemap.c:179:17: error: ‘TreeMap’ has no member named ‘is_lower’
  179 |         if (tree->is_lower(key,tree->current->pair->key)){
      |                 ^~
test.c:503:5: error: ‘main’ is normally a non-static function [-Werror=main]
  503 | int main( int argc, char *argv[] ) {
      |     ^~~~
test.c:606:1: error: expected declaration or statement at end of input
  606 | }
      | ^
test.c:606: error: control reaches end of non-void function [-Werror=return-type]
  606 | }
      | 
At top level:
test.c:503:5: error: ‘main’ defined but not used [-Werror=unused-function]
  503 | int main( int argc, char *argv[] ) {
      |     ^~~~
cc1: all warnings being treated as errors
Compilation failed
251d56d
Fri 23 Sep 2022 10:31:25 PM UTC: 
 treemap.c | 4 ++--
 1 file changed, 2 insertions(+), 2 deletions(-)
In file included from test.c:4:
treemap.c: In function ‘nextTreeMap’:
treemap.c:179:17: error: ‘TreeMap’ has no member named ‘is_lower’
  179 |         if (tree->is_lower(prev->pair->key,tree->current->pair->key)){
      |                 ^~
test.c:503:5: error: ‘main’ is normally a non-static function [-Werror=main]
  503 | int main( int argc, char *argv[] ) {
      |     ^~~~
test.c:606:1: error: expected declaration or statement at end of input
  606 | }
      | ^
test.c:606: error: control reaches end of non-void function [-Werror=return-type]
  606 | }
      | 
At top level:
test.c:503:5: error: ‘main’ defined but not used [-Werror=unused-function]
  503 | int main( int argc, char *argv[] ) {
      |     ^~~~
cc1: all warnings being treated as errors
Compilation failed
64a7b9d
Fri 23 Sep 2022 10:31:47 PM UTC: 
 treemap.c | 2 +-
 1 file changed, 1 insertion(+), 1 deletion(-)
test.c: In function ‘nextTreeMap’:
test.c:503:5: error: ‘main’ is normally a non-static function [-Werror=main]
  503 | int main( int argc, char *argv[] ) {
      |     ^~~~
test.c:606:1: error: expected declaration or statement at end of input
  606 | }
      | ^
test.c:606: error: control reaches end of non-void function [-Werror=return-type]
  606 | }
      | 
At top level:
test.c:503:5: error: ‘main’ defined but not used [-Werror=unused-function]
  503 | int main( int argc, char *argv[] ) {
      |     ^~~~
cc1: all warnings being treated as errors
Compilation failed
5094c0d
